<?xml version="1.0" encoding="UTF-8"?>
<!-- Generated by org.testng.reporters.JUnitReportReporter -->
<testsuite hostname="hp-pc" name="com.gosportify.Login_FB" tests="1" failures="0" timestamp="10 Jan 2016 14:21:34 GMT" time="27.682" errors="0">
  <testcase name="loginfb" time="27.682" classname="com.gosportify.Login_FB"/>
</testsuite> <!-- com.gosportify.Login_FB -->
